Loged succesfully umsi@umich.edu
Loged succesfully umsi@umich.edu
Loged succesfully umsi@umich.edu
Loged succesfully umsi@umich.edu
Loged succesfully umsi@umich.edu
Loged succesfully umsi@umich.edu
Loged succesfully umsi@umich.edu
Loged succesfully umsi@umich.edu
Loged succesfully umsi@umich.edu
Loged succesfully umsi@umich.edu
Loged succesfully umsi@umich.edu
Loged succesfully umsi@umich.edu
new Loged succesfully umsi@umich.edu
new Loged succesfully umsi@umich.edu
new Loged succesfully umsi@umich.edu
entramos al if qqqqqqq
entramos al if aaaaaaaaaa
new Loged succesfully umsi@umich.edu
new Loged succesfully umsi@umich.edu
new Loged succesfully umsi@umich.edu
new Loged succesfully umsi@umich.edu
entramos al if ppppppppp
new Loged succesfully umsi@umich.edu
new Loged succesfully umsi@umich.edu
new Loged succesfully umsi@umich.edu
entramos al if Rafael
new Loged succesfully umsi@umich.edu
entramos al if MAURO
entramos al if Testing1
new Loged succesfully umsi@umich.edu
new Loged succesfully umsi@umich.edu
entramos al if testin2
new Loged succesfully umsi@umich.edu
new Loged succesfully umsi@umich.edu
new Loged succesfully umsi@umich.edu
new Loged succesfully umsi@umich.edu
new Loged succesfully umsi@umich.edu
new Loged succesfully umsi@umich.edu
entramos al if testin2
new Loged succesfully umsi@umich.edu
new Loged succesfully umsi@umich.edu
new Loged succesfully umsi@umich.edu
new Loged succesfully umsi@umich.edu
new Loged succesfully umsi@umich.edu
new Loged succesfully umsi@umich.edu
new Loged succesfully umsi@umich.edu
new Loged succesfully umsi@umich.edu
entramos al if testin3
new Loged succesfully umsi@umich.edu
new Loged succesfully umsi@umich.edu
new Loged succesfully umsi@umich.edu
new Loged succesfully umsi@umich.edu
new Loged succesfully umsi@umich.edu
new Loged succesfully umsi@umich.edu
new Loged succesfully umsi@umich.edu
Incorrect profile_is value AAA 1
new Loged succesfully umsi@umich.edu
Incorrect profile_is value AAA 1
Incorrect profile_is value AAA 
new Loged succesfully umsi@umich.edu
Incorrect profile_is value AAA 5
Incorrect profile_is value AAA 5
Incorrect profile_is value AAA 1
Incorrect profile_is value AAA 
new Loged succesfully umsi@umich.edu
Incorrect profile_is value AAA 4
Incorrect profile_is value AAA 1
Incorrect profile_is value AAA 
new Loged succesfully umsi@umich.edu
Este es el profile id 2
Incorrect profile_is value AAA 1
Incorrect profile_is value AAA 
new Loged succesfully umsi@umich.edu
Este es el GET profile id  del HTML5
Este es SESSION,user _ id 1
Este es GET profile _ id 
new Loged succesfully umsi@umich.edu
Este es el GET profile id  del HTML4
Este es SESSION,user _ id 1
Este es GET profile _ id 
new Loged succesfully umsi@umich.edu
Este es el GET profile id  del HTML: 4
new Loged succesfully umsi@umich.edu
Este es el GET profile id  del HTML: 4
Este es el GET profile id  del HTML: 4
new Loged succesfully umsi@umich.edu
Este es el GET profile id  del HTML: 5
new Loged succesfully umsi@umich.edu
Este es el GET profile id  del HTML: 4
Este es el GET profile id  del HTML: 5
Este es el GET profile id  del HTML: 4
Este es el GET profile id  del HTML: 5
Este es el GET profile id  del HTML: 4
new Loged succesfully umsi@umich.edu
Este es el GET profile id  del HTML: 5
Este es el GET profile id  del HTML: 4
Este es el GET profile id  del HTML: 4
new Loged succesfully umsi@umich.edu
Este es el GET profile id  del HTML: 4
new Loged succesfully umsi@umich.edu
Este es el GET profile id  del HTML: 4
new Loged succesfully umsi@umich.edu
Este es el GET profile id  del HTML: 4
new Loged succesfully umsi@umich.edu
Este es el GET profile id  del HTML: 5
Este es SESSION,user _ id 1
Este es GET profile _ id 
new Loged succesfully umsi@umich.edu
Este es SESSION,user _ id 1
Este es GET profile _ id 4
new Loged succesfully umsi@umich.edu
Este es el GET profile id  del HTML: 5
Este es SESSION,user _ id 1
Este es GET profile _ id 
new Loged succesfully umsi@umich.edu
Este es el GET profile id  del HTML: 5
Este es SESSION,user _ id 1
Este es GET profile _ id 
new Loged succesfully umsi@umich.edu
Este es el GET profile id  del HTML: 2
Este es SESSION,user _ id 1
Este es GET profile _ id 
new Loged succesfully umsi@umich.edu
Este es el GET profile id  del HTML: 4
Este es SESSION,user _ id 1
Este es GET profile _ id 
Este es el GET profile id  del HTML: 5
Este es el GET profile id  del HTML: 5
Este es el GET profile id  del HTML: 5
Este es el GET profile id  del HTML: 5
Este es el GET profile id  del HTML: 5
Este es SESSION,user _ id 1
Este es GET profile _ id 
new Loged succesfully umsi@umich.edu
new Loged succesfully umsi@umich.edu
Este es el GET profile id  del HTML: 4
Este es el GET profile id  del HTML: 5
Este es el GET profile id  del HTML: 4
new Loged succesfully umsi@umich.edu
Este es el GET profile id  del HTML: 4
